# JRE version: Java(TM) SE Runtime Environment (8.0_51-b16) (build 1.8.0_51-b16)
# Java VM: Java HotSpot(TM) 64-Bit Server VM (25.51-b03 mixed mode windows-amd64 compressed oops)
Heap:
 PSYoungGen      total 45056K, used 22176K [0x00000000eab00000, 0x00000000ef400000, 0x0000000100000000)
  eden space 26624K, 15% used [0x00000000eab00000,0x00000000eaeef9b0,0x00000000ec500000)
  from space 18432K, 98% used [0x00000000ec500000,0x00000000ed6b8900,0x00000000ed700000)
  to   space 20480K, 0% used [0x00000000ee000000,0x00000000ee000000,0x00000000ef400000)
 ParOldGen       total 73216K, used 45135K [0x00000000c0000000, 0x00000000c4780000, 0x00000000eab00000)
  object space 73216K, 61% used [0x00000000c0000000,0x00000000c2c13d70,0x00000000c4780000)
 Metaspace       used 5955K, capacity 6960K, committed 7040K, reserved 1056768K
  class space    used 590K, capacity 616K, committed 640K, reserved 1048576K
GC Heap History (10 events):
Event: 8.532 GC heap before
{Heap before GC invocations=6 (full 1):
 PSYoungGen      total 35328K, used 2539K [0x00000000eab00000, 0x00000000ed000000, 0x0000000100000000)
  eden space 32768K, 0% used [0x00000000eab00000,0x00000000eab00000,0x00000000ecb00000)
  from space 2560K, 99% used [0x00000000ecb00000,0x00000000ecd7ace8,0x00000000ecd80000)
  to   space 2560K, 0% used [0x00000000ecd80000,0x00000000ecd80000,0x00000000ed000000)
 ParOldGen       total 44032K, used 39767K [0x00000000c0000000, 0x00000000c2b00000, 0x00000000eab00000)
  object space 44032K, 90% used [0x00000000c0000000,0x00000000c26d5d80,0x00000000c2b00000)
 Metaspace       used 5764K, capacity 6832K, committed 7040K, reserved 1056768K
  class space    used 582K, capacity 616K, committed 640K, reserved 1048576K
Event: 9.624 GC heap after
Heap after GC invocations=6 (full 1):
 PSYoungGen      total 35328K, used 0K [0x00000000eab00000, 0x00000000ed000000, 0x0000000100000000)
  eden space 32768K, 0% used [0x00000000eab00000,0x00000000eab00000,0x00000000ecb00000)
  from space 2560K, 0% used [0x00000000ecb00000,0x00000000ecb00000,0x00000000ecd80000)
  to   space 2560K, 0% used [0x00000000ecd80000,0x00000000ecd80000,0x00000000ed000000)
 ParOldGen       total 73216K, used 35693K [0x00000000c0000000, 0x00000000c4780000, 0x00000000eab00000)
  object space 73216K, 48% used [0x00000000c0000000,0x00000000c22db618,0x00000000c4780000)
 Metaspace       used 5764K, capacity 6832K, committed 7040K, reserved 1056768K
  class space    used 582K, capacity 616K, committed 640K, reserved 1048576K
}
Event: 9.957 GC heap before
{Heap before GC invocations=7 (full 1):
 PSYoungGen      total 35328K, used 32768K [0x00000000eab00000, 0x00000000ed000000, 0x0000000100000000)
  eden space 32768K, 100% used [0x00000000eab00000,0x00000000ecb00000,0x00000000ecb00000)
  from space 2560K, 0% used [0x00000000ecb00000,0x00000000ecb00000,0x00000000ecd80000)
  to   space 2560K, 0% used [0x00000000ecd80000,0x00000000ecd80000,0x00000000ed000000)
 ParOldGen       total 73216K, used 35693K [0x00000000c0000000, 0x00000000c4780000, 0x00000000eab00000)
  object space 73216K, 48% used [0x00000000c0000000,0x00000000c22db618,0x00000000c4780000)
 Metaspace       used 5783K, capacity 6832K, committed 7040K, reserved 1056768K
  class space    used 583K, capacity 616K, committed 640K, reserved 1048576K
Event: 9.970 GC heap after
Heap after GC invocations=7 (full 1):
 PSYoungGen      total 20480K, used 2560K [0x00000000eab00000, 0x00000000eff80000, 0x0000000100000000)
  eden space 17920K, 0% used [0x00000000eab00000,0x00000000eab00000,0x00000000ebc80000)
  from space 2560K, 100% used [0x00000000ecd80000,0x00000000ed000000,0x00000000ed000000)
  to   space 17408K, 0% used [0x00000000ebc80000,0x00000000ebc80000,0x00000000ecd80000)
 ParOldGen       total 73216K, used 45119K [0x00000000c0000000, 0x00000000c4780000, 0x00000000eab00000)
  object space 73216K, 61% used [0x00000000c0000000,0x00000000c2c0fd70,0x00000000c4780000)
 Metaspace       used 5783K, capacity 6832K, committed 7040K, reserved 1056768K
  class space    used 583K, capacity 616K, committed 640K, reserved 1048576K
}
Event: 10.134 GC heap before
{Heap before GC invocations=8 (full 1):
 PSYoungGen      total 20480K, used 20480K [0x00000000eab00000, 0x00000000eff80000, 0x0000000100000000)
  eden space 17920K, 100% used [0x00000000eab00000,0x00000000ebc80000,0x00000000ebc80000)
  from space 2560K, 100% used [0x00000000ecd80000,0x00000000ed000000,0x00000000ed000000)
  to   space 17408K, 0% used [0x00000000ebc80000,0x00000000ebc80000,0x00000000ecd80000)
 ParOldGen       total 73216K, used 45119K [0x00000000c0000000, 0x00000000c4780000, 0x00000000eab00000)
  object space 73216K, 61% used [0x00000000c0000000,0x00000000c2c0fd70,0x00000000c4780000)
 Metaspace       used 5805K, capacity 6832K, committed 7040K, reserved 1056768K
  class space    used 583K, capacity 616K, committed 640K, reserved 1048576K
Event: 10.153 GC heap after
Heap after GC invocations=8 (full 1):
 PSYoungGen      total 35328K, used 12429K [0x00000000eab00000, 0x00000000ee880000, 0x0000000100000000)
  eden space 17920K, 0% used [0x00000000eab00000,0x00000000eab00000,0x00000000ebc80000)
  from space 17408K, 71% used [0x00000000ebc80000,0x00000000ec8a3558,0x00000000ecd80000)
  to   space 17408K, 0% used [0x00000000ed780000,0x00000000ed780000,0x00000000ee880000)
 ParOldGen       total 73216K, used 45119K [0x00000000c0000000, 0x00000000c4780000, 0x00000000eab00000)
  object space 73216K, 61% used [0x00000000c0000000,0x00000000c2c0fd70,0x00000000c4780000)
 Metaspace       used 5805K, capacity 6832K, committed 7040K, reserved 1056768K
  class space    used 583K, capacity 616K, committed 640K, reserved 1048576K
}
Event: 11.083 GC heap before
{Heap before GC invocations=9 (full 1):
 PSYoungGen      total 35328K, used 30349K [0x00000000eab00000, 0x00000000ee880000, 0x0000000100000000)
  eden space 17920K, 100% used [0x00000000eab00000,0x00000000ebc80000,0x00000000ebc80000)
  from space 17408K, 71% used [0x00000000ebc80000,0x00000000ec8a3558,0x00000000ecd80000)
  to   space 17408K, 0% used [0x00000000ed780000,0x00000000ed780000,0x00000000ee880000)
 ParOldGen       total 73216K, used 45119K [0x00000000c0000000, 0x00000000c4780000, 0x00000000eab00000)
  object space 73216K, 61% used [0x00000000c0000000,0x00000000c2c0fd70,0x00000000c4780000)
 Metaspace       used 5889K, capacity 6896K, committed 7040K, reserved 1056768K
  class space    used 590K, capacity 616K, committed 640K, reserved 1048576K
Event: 11.106 GC heap after
Heap after GC invocations=9 (full 1):
 PSYoungGen      total 44032K, used 15820K [0x00000000eab00000, 0x00000000ee900000, 0x0000000100000000)
  eden space 26624K, 0% used [0x00000000eab00000,0x00000000eab00000,0x00000000ec500000)
  from space 17408K, 90% used [0x00000000ed780000,0x00000000ee6f30d0,0x00000000ee880000)
  to   space 18432K, 0% used [0x00000000ec500000,0x00000000ec500000,0x00000000ed700000)
 ParOldGen       total 73216K, used 45127K [0x00000000c0000000, 0x00000000c4780000, 0x00000000eab00000)
  object space 73216K, 61% used [0x00000000c0000000,0x00000000c2c11d70,0x00000000c4780000)
 Metaspace       used 5889K, capacity 6896K, committed 7040K, reserved 1056768K
  class space    used 590K, capacity 616K, committed 640K, reserved 1048576K
}
Event: 15.339 GC heap before
{Heap before GC invocations=10 (full 1):
 PSYoungGen      total 44032K, used 42444K [0x00000000eab00000, 0x00000000ee900000, 0x0000000100000000)
  eden space 26624K, 100% used [0x00000000eab00000,0x00000000ec500000,0x00000000ec500000)
  from space 17408K, 90% used [0x00000000ed780000,0x00000000ee6f30d0,0x00000000ee880000)
  to   space 18432K, 0% used [0x00000000ec500000,0x00000000ec500000,0x00000000ed700000)
 ParOldGen       total 73216K, used 45127K [0x00000000c0000000, 0x00000000c4780000, 0x00000000eab00000)
  object space 73216K, 61% used [0x00000000c0000000,0x00000000c2c11d70,0x00000000c4780000)
 Metaspace       used 5952K, capacity 6960K, committed 7040K, reserved 1056768K
  class space    used 590K, capacity 616K, committed 640K, reserved 1048576K
Event: 15.380 GC heap after
Heap after GC invocations=10 (full 1):
 PSYoungGen      total 45056K, used 18146K [0x00000000eab00000, 0x00000000ef400000, 0x0000000100000000)
  eden space 26624K, 0% used [0x00000000eab00000,0x00000000eab00000,0x00000000ec500000)
  from space 18432K, 98% used [0x00000000ec500000,0x00000000ed6b8900,0x00000000ed700000)
  to   space 20480K, 0% used [0x00000000ee000000,0x00000000ee000000,0x00000000ef400000)
 ParOldGen       total 73216K, used 45135K [0x00000000c0000000, 0x00000000c4780000, 0x00000000eab00000)
  object space 73216K, 61% used [0x00000000c0000000,0x00000000c2c13d70,0x00000000c4780000)
 Metaspace       used 5952K, capacity 6960K, committed 7040K, reserved 1056768K
  class space    used 590K, capacity 616K, committed 640K, reserved 1048576K
}

